<?xml version="1.0" encoding="UTF-8"?>
<testsuite name="rspec" tests="1725" skipped="2" failures="1" errors="0" time="17.641516" timestamp="2023-12-01T14:24:25+00:00" hostname="MacBook-Pro-8.local">
<properties>
<property name="seed" value="5344"/>
</properties>
<testcase classname="spec.models.document_upload_spec" name="DocumentUpload#valid? when file is valid should return true" file="./spec/models/document_upload_spec.rb" time="0.014927"></testcase>
<testcase classname="spec.models.document_upload_spec" name="DocumentUpload#valid? when file is not valid due to file size should not be valid" file="./spec/models/document_upload_spec.rb" time="0.004735"></testcase>
<testcase classname="spec.models.document_upload_spec" name="DocumentUpload#valid? when file is not valid due to content type should not be valid" file="./spec/models/document_upload_spec.rb" time="0.002588"></testcase>
<testcase classname="spec.models.document_upload_spec" name="DocumentUpload#valid? file is checked for ascii-characters should change the name" file="./spec/models/document_upload_spec.rb" time="0.030545"></testcase>
<testcase classname="spec.models.document_upload_spec" name="DocumentUpload#valid? file is valid with welsh characters should be valid" file="./spec/models/document_upload_spec.rb" time="0.002582"></testcase>
<testcase classname="spec.models.document_upload_spec" name="DocumentUpload#upload! with error virus detected error should upload the document" file="./spec/models/document_upload_spec.rb" time="0.003069"></testcase>
<testcase classname="spec.models.document_upload_spec" name="DocumentUpload#upload! with error response error should upload the document" file="./spec/models/document_upload_spec.rb" time="0.002739"></testcase>
<testcase classname="spec.models.document_upload_spec" name="DocumentUpload#upload! no error when the filename was sanitized should upload the document with that key" file="./spec/models/document_upload_spec.rb" time="0.002384"></testcase>
<testcase classname="spec.models.document_upload_spec" name="DocumentUpload#upload! no error when the document_key was provided in the upload! params should use file name from response" file="./spec/models/document_upload_spec.rb" time="0.002501"></testcase>
<testcase classname="spec.models.document_upload_spec" name="DocumentUpload#upload! no error when the document_key was provided in the initializer should upload the document with that key" file="./spec/models/document_upload_spec.rb" time="0.002294"></testcase>
<testcase classname="spec.models.document_upload_spec" name="DocumentUpload for an uploaded file #file_name should have a file name" file="./spec/models/document_upload_spec.rb" time="0.001862"></testcase>
<testcase classname="spec.models.document_upload_spec" name="DocumentUpload for an uploaded file #file_size should have a file size" file="./spec/models/document_upload_spec.rb" time="0.001713"></testcase>
<testcase classname="spec.models.document_upload_spec" name="DocumentUpload for an uploaded file #content_type should have a content_type" file="./spec/models/document_upload_spec.rb" time="0.001711"></testcase>
<testcase classname="spec.models.document_upload_spec" name="DocumentUpload#file_name existing `image.jpg` and `image(1).jpg`, uploading `image.jpg` is expected to eq &quot;image(2).jpg&quot;" file="./spec/models/document_upload_spec.rb" time="0.002827"></testcase>
<testcase classname="spec.models.document_upload_spec" name="DocumentUpload#file_name files without an extension existing `image.`, uploading `image.` is expected to eq &quot;image.(1).&quot;" file="./spec/models/document_upload_spec.rb" time="0.002303"></testcase>
<testcase classname="spec.models.document_upload_spec" name="DocumentUpload#file_name files without an extension existing `image`, uploading `image` is expected to eq &quot;image(1)&quot;" file="./spec/models/document_upload_spec.rb" time="0.003509"></testcase>
<testcase classname="spec.models.document_upload_spec" name="DocumentUpload#file_name files without an extension existing `.image`, uploading `.image` is expected to eq &quot;.image(1)&quot;" file="./spec/models/document_upload_spec.rb" time="0.003856"></testcase>
<testcase classname="spec.models.document_upload_spec" name="DocumentUpload#file_name existing `image.jpg`, `image(1).jpg` and `image(2).jpg`, uploading `image.jpg` is expected to eq &quot;image(3).jpg&quot;" file="./spec/models/document_upload_spec.rb" time="0.004135"></testcase>
<testcase classname="spec.models.document_upload_spec" name="DocumentUpload#file_name existing `image.jpg`, uploading `image.jpg` is expected to eq &quot;image(1).jpg&quot;" file="./spec/models/document_upload_spec.rb" time="0.003493"></testcase>
<testcase classname="spec.models.document_upload_spec" name="DocumentUpload#file_name existing `image(1).jpg`, uploading `image(1).jpg` is expected to eq &quot;image(1)(1).jpg&quot;" file="./spec/models/document_upload_spec.rb" time="0.002659"></testcase>
<testcase classname="spec.models.document_upload_spec" name="DocumentUpload for a tempfile #file_size should have a file size" file="./spec/models/document_upload_spec.rb" time="0.001615"></testcase>
<testcase classname="spec.models.document_upload_spec" name="DocumentUpload for a tempfile #content_type should have a content_type" file="./spec/models/document_upload_spec.rb" time="0.002069"></testcase>
<testcase classname="spec.models.document_upload_spec" name="DocumentUpload for a tempfile #file_name should have a file name" file="./spec/models/document_upload_spec.rb" time="0.001819"></testcase>
<testcase classname="spec.models.document_upload_spec" name="DocumentUpload#to_hash should expose an attributes hash" file="./spec/models/document_upload_spec.rb" time="0.002212"></testcase>
<testcase classname="spec.models.document_upload_spec" name="DocumentUpload#encoded_file_name should have a base64 encoded file_name" file="./spec/models/document_upload_spec.rb" time="0.002075"></testcase>
<testcase classname="spec.models.document_upload_spec" name="DocumentUpload#errors should be empty upon initialization" file="./spec/models/document_upload_spec.rb" time="0.002951"></testcase>
<testcase classname="spec.models.document_upload_spec" name="DocumentUpload#collection_ref should have a collection_ref if provided" file="./spec/models/document_upload_spec.rb" time="0.001901"></testcase>
<testcase classname="spec.controllers.steps.details.representative_type_controller_spec" name="Steps::Details::RepresentativeTypeController behaves like an intermediate step controller #edit when no case exists in the session yet redirects to the invalid session error page" file="./spec/controllers/steps/details/representative_type_controller_spec.rb" time="0.010907"></testcase>
<testcase classname="spec.controllers.steps.details.representative_type_controller_spec" name="Steps::Details::RepresentativeTypeController behaves like an intermediate step controller #edit when a case exists in the session responds with HTTP success" file="./spec/controllers/steps/details/representative_type_controller_spec.rb" time="0.084233"></testcase>
<testcase classname="spec.controllers.steps.details.representative_type_controller_spec" name="Steps::Details::RepresentativeTypeController behaves like an intermediate step controller #update when a case in progress is in the session when the form fails to save renders the question page again" file="./spec/controllers/steps/details/representative_type_controller_spec.rb" time="0.017818"></testcase>
<testcase classname="spec.controllers.steps.details.representative_type_controller_spec" name="Steps::Details::RepresentativeTypeController behaves like an intermediate step controller #update when a case in progress is in the session when the form saves successfully asks the decision tree for the next destination and redirects there" file="./spec/controllers/steps/details/representative_type_controller_spec.rb" time="0.011518"></testcase>
<testcase classname="spec.controllers.steps.details.representative_type_controller_spec" name="Steps::Details::RepresentativeTypeController behaves like an intermediate step controller #update when there is an already submitted case in the session redirects to the case already submitted error page" file="./spec/controllers/steps/details/representative_type_controller_spec.rb" time="0.009323"></testcase>
<testcase classname="spec.controllers.steps.details.representative_type_controller_spec" name="Steps::Details::RepresentativeTypeController behaves like an intermediate step controller #update when there is no case in the session redirects to the invalid session error page" file="./spec/controllers/steps/details/representative_type_controller_spec.rb" time="0.004505"></testcase>
<testcase classname="spec.controllers.steps.details.documents_upload_controller_spec" name="Steps::Details::DocumentsUploadController#edit assigns previously uploaded files" file="./spec/controllers/steps/details/documents_upload_controller_spec.rb" time="0.014083"></testcase>
<testcase classname="spec.controllers.steps.details.documents_upload_controller_spec" name="Steps::Details::DocumentsUploadController behaves like an intermediate step controller #edit when no case exists in the session yet redirects to the invalid session error page" file="./spec/controllers/steps/details/documents_upload_controller_spec.rb" time="0.004230"></testcase>
<testcase classname="spec.controllers.steps.details.documents_upload_controller_spec" name="Steps::Details::DocumentsUploadController behaves like an intermediate step controller #edit when a case exists in the session responds with HTTP success" file="./spec/controllers/steps/details/documents_upload_controller_spec.rb" time="0.010613"></testcase>
<testcase classname="spec.controllers.steps.details.documents_upload_controller_spec" name="Steps::Details::DocumentsUploadController behaves like an intermediate step controller #update when there is an already submitted case in the session redirects to the case already submitted error page" file="./spec/controllers/steps/details/documents_upload_controller_spec.rb" time="0.009205"></testcase>
<testcase classname="spec.controllers.steps.details.documents_upload_controller_spec" name="Steps::Details::DocumentsUploadController behaves like an intermediate step controller #update when a case in progress is in the session when the form saves successfully asks the decision tree for the next destination and redirects there" file="./spec/controllers/steps/details/documents_upload_controller_spec.rb" time="0.011596"></testcase>
<testcase classname="spec.controllers.steps.details.documents_upload_controller_spec" name="Steps::Details::DocumentsUploadController behaves like an intermediate step controller #update when a case in progress is in the session when the form fails to save renders the question page again" file="./spec/controllers/steps/details/documents_upload_controller_spec.rb" time="0.010795"></testcase>
<testcase classname="spec.controllers.steps.details.documents_upload_controller_spec" name="Steps::Details::DocumentsUploadController behaves like an intermediate step controller #update when there is no case in the session redirects to the invalid session error page" file="./spec/controllers/steps/details/documents_upload_controller_spec.rb" time="0.003794"></testcase>
<testcase classname="spec.attributes.normalised_email_type_spec" name="NormalisedEmailType normalising hyphens is expected to eq [&quot;-&quot;]" file="./spec/attributes/normalised_email_type_spec.rb" time="0.001291"></testcase>
<testcase classname="spec.attributes.normalised_email_type_spec" name="NormalisedEmailType normalising single quotes is expected to eq [&quot;&apos;&quot;]" file="./spec/attributes/normalised_email_type_spec.rb" time="0.001189"></testcase>
<testcase classname="spec.presenters.check_answers.answer_spec" name="CheckAnswers::Answer#show? returns true" file="./spec/presenters/check_answers/answer_spec.rb" time="0.001087"></testcase>
<testcase classname="spec.presenters.check_answers.answer_spec" name="CheckAnswers::Answer#show? when no value is given returns false" file="./spec/presenters/check_answers/answer_spec.rb" time="0.001109"></testcase>
<testcase classname="spec.presenters.check_answers.answer_spec" name="CheckAnswers::Answer#raw? returns false" file="./spec/presenters/check_answers/answer_spec.rb" time="0.001033"></testcase>
<testcase classname="spec.presenters.check_answers.answer_spec" name="CheckAnswers::Answer#raw? when raw is given returns true" file="./spec/presenters/check_answers/answer_spec.rb" time="0.001151"></testcase>
<testcase classname="spec.presenters.check_answers.answer_spec" name="CheckAnswers::Answer#show_change_link? returns false" file="./spec/presenters/check_answers/answer_spec.rb" time="0.001179"></testcase>
<testcase classname="spec.presenters.check_answers.answer_spec" name="CheckAnswers::Answer#show_change_link? when change_path is given returns true" file="./spec/presenters/check_answers/answer_spec.rb" time="0.001458"></testcase>
<testcase classname="spec.presenters.check_answers.answer_spec" name="CheckAnswers::Answer#value? returns true" file="./spec/presenters/check_answers/answer_spec.rb" time="0.001122"></testcase>
<testcase classname="spec.presenters.check_answers.answer_spec" name="CheckAnswers::Answer#value? when no value is given returns false" file="./spec/presenters/check_answers/answer_spec.rb" time="0.001170"></testcase>
<testcase classname="spec.presenters.check_answers.answer_spec" name="CheckAnswers::Answer#to_partial_path returns the correct partial path" file="./spec/presenters/check_answers/answer_spec.rb" time="0.001353"></testcase>
<testcase classname="spec.presenters.portfolio_case_presenter_spec" name="PortfolioCasePresenter#taxpayer_name for an organisation filling the form is expected to eq &quot;TP Org Fao&quot;" file="./spec/presenters/portfolio_case_presenter_spec.rb" time="0.001765"></testcase>
<testcase classname="spec.presenters.portfolio_case_presenter_spec" name="PortfolioCasePresenter#taxpayer_name for an individual filling the form is expected to eq &quot;John Harrison&quot;" file="./spec/presenters/portfolio_case_presenter_spec.rb" time="0.001501"></testcase>
<testcase classname="spec.presenters.portfolio_case_presenter_spec" name="PortfolioCasePresenter#taxpayer_name? is expected to eq true" file="./spec/presenters/portfolio_case_presenter_spec.rb" time="0.001252"></testcase>
<testcase classname="spec.presenters.portfolio_case_presenter_spec" name="PortfolioCasePresenter#taxpayer_name? when no name is given is expected to eq false" file="./spec/presenters/portfolio_case_presenter_spec.rb" time="0.001374"></testcase>
<testcase classname="spec.presenters.portfolio_case_presenter_spec" name="PortfolioCasePresenter#expires_in case created 14 days ago is expected to eq &quot;Today&quot;" file="./spec/presenters/portfolio_case_presenter_spec.rb" time="0.002107"></testcase>
<testcase classname="spec.presenters.portfolio_case_presenter_spec" name="PortfolioCasePresenter#expires_in case created 13 days ago is expected to eq &quot;1 day&quot;" file="./spec/presenters/portfolio_case_presenter_spec.rb" time="0.001598"></testcase>
<testcase classname="spec.presenters.portfolio_case_presenter_spec" name="PortfolioCasePresenter#expires_in case created today is expected to eq &quot;14 days&quot;" file="./spec/presenters/portfolio_case_presenter_spec.rb" time="0.001435"></testcase>
<testcase classname="spec.presenters.portfolio_case_presenter_spec" name="PortfolioCasePresenter#expires_in case created 7 days ago is expected to eq &quot;7 days&quot;" file="./spec/presenters/portfolio_case_presenter_spec.rb" time="0.001543"></testcase>
<testcase classname="spec.presenters.portfolio_case_presenter_spec" name="PortfolioCasePresenter#expires_in case created 15 days ago is expected to eq &quot;Today&quot;" file="./spec/presenters/portfolio_case_presenter_spec.rb" time="0.001435"></testcase>
<testcase classname="spec.presenters.portfolio_case_presenter_spec" name="PortfolioCasePresenter#expires_in_class case created 9 days ago is expected to eq &quot;expires-soon&quot;" file="./spec/presenters/portfolio_case_presenter_spec.rb" time="0.001549"></testcase>
<testcase classname="spec.presenters.portfolio_case_presenter_spec" name="PortfolioCasePresenter#expires_in_class case created 14 days ago is expected to eq &quot;expires-today&quot;" file="./spec/presenters/portfolio_case_presenter_spec.rb" time="0.001319"></testcase>
<testcase classname="spec.presenters.portfolio_case_presenter_spec" name="PortfolioCasePresenter#expires_in_class case created today is expected to eq &quot;&quot;" file="./spec/presenters/portfolio_case_presenter_spec.rb" time="0.001351"></testcase>
<testcase classname="spec.presenters.portfolio_case_presenter_spec" name="PortfolioCasePresenter#expires_in_class case created 7 days ago is expected to eq &quot;&quot;" file="./spec/presenters/portfolio_case_presenter_spec.rb" time="0.001303"></testcase>
<testcase classname="spec.forms.steps.shared.eu_exit_form_spec" name="Steps::Shared::EuExitForm#save is expected not to validate_presence_of eu_exit" file="./spec/forms/steps/shared/eu_exit_form_spec.rb" time="0.001659"></testcase>
<testcase classname="spec.forms.steps.shared.eu_exit_form_spec" name="Steps::Shared::EuExitForm#save when eu_exit is not given does not have any validation errors" file="./spec/forms/steps/shared/eu_exit_form_spec.rb" time="0.001120"></testcase>
<testcase classname="spec.forms.steps.shared.eu_exit_form_spec" name="Steps::Shared::EuExitForm#save when eu_exit is not given does not save the record" file="./spec/forms/steps/shared/eu_exit_form_spec.rb" time="0.001124"></testcase>
<testcase classname="spec.forms.steps.shared.eu_exit_form_spec" name="Steps::Shared::EuExitForm#save when need_support is valid saves the record" file="./spec/forms/steps/shared/eu_exit_form_spec.rb" time="0.002901"></testcase>
<testcase classname="spec.forms.steps.shared.eu_exit_form_spec" name="Steps::Shared::EuExitForm#save when eu_exit is not valid has a validation error on the field" file="./spec/forms/steps/shared/eu_exit_form_spec.rb" time="0.002365"></testcase>
<testcase classname="spec.forms.steps.shared.eu_exit_form_spec" name="Steps::Shared::EuExitForm#save when eu_exit is not valid returns false" file="./spec/forms/steps/shared/eu_exit_form_spec.rb" time="0.001140"></testcase>
<testcase classname="spec.forms.steps.shared.eu_exit_form_spec" name="Steps::Shared::EuExitForm#save when no tribunal_case is associated with the form raises an error" file="./spec/forms/steps/shared/eu_exit_form_spec.rb" time="0.003399"></testcase>
<testcase classname="spec.controllers.closure_home_controller_spec" name="ClosureHomeController#index renders the expected page" file="./spec/controllers/closure_home_controller_spec.rb" time="0.007255"></testcase>
<testcase classname="spec.controllers.closure_home_controller_spec" name="ClosureHomeController#index should not initialise a tribunal case" file="./spec/controllers/closure_home_controller_spec.rb" time="0.005342"></testcase>
<testcase classname="spec.forms.steps.challenge.decision_form_spec" name="Steps::Challenge::DecisionForm#save when challenged_decision is already the same on the model does not save the record but returns true" file="./spec/forms/steps/challenge/decision_form_spec.rb" time="0.001794"></testcase>
<testcase classname="spec.forms.steps.challenge.decision_form_spec" name="Steps::Challenge::DecisionForm#save when challenged_decision is not valid returns false" file="./spec/forms/steps/challenge/decision_form_spec.rb" time="0.001250"></testcase>
<testcase classname="spec.forms.steps.challenge.decision_form_spec" name="Steps::Challenge::DecisionForm#save when challenged_decision is not valid has a validation error on the field" file="./spec/forms/steps/challenge/decision_form_spec.rb" time="0.002005"></testcase>
<testcase classname="spec.forms.steps.challenge.decision_form_spec" name="Steps::Challenge::DecisionForm#save when challenged_decision is not given has a validation error on the field" file="./spec/forms/steps/challenge/decision_form_spec.rb" time="0.001417"></testcase>
<testcase classname="spec.forms.steps.challenge.decision_form_spec" name="Steps::Challenge::DecisionForm#save when challenged_decision is not given returns false" file="./spec/forms/steps/challenge/decision_form_spec.rb" time="0.001177"></testcase>
<testcase classname="spec.forms.steps.challenge.decision_form_spec" name="Steps::Challenge::DecisionForm#save when challenged_decision is valid saves the record" file="./spec/forms/steps/challenge/decision_form_spec.rb" time="0.001582"></testcase>
<testcase classname="spec.forms.steps.challenge.decision_form_spec" name="Steps::Challenge::DecisionForm#save when no tribunal_case is associated with the form raises an error" file="./spec/forms/steps/challenge/decision_form_spec.rb" time="0.001141"></testcase>
<testcase classname="spec.forms.steps.challenge.decision_form_spec" name="Steps::Challenge::DecisionForm#heading_translation_key when the case type is direct returns the correct key" file="./spec/forms/steps/challenge/decision_form_spec.rb" time="0.001327"></testcase>
<testcase classname="spec.forms.steps.challenge.decision_form_spec" name="Steps::Challenge::DecisionForm#heading_translation_key when the case type is indirect returns the correct key" file="./spec/forms/steps/challenge/decision_form_spec.rb" time="0.001330"></testcase>
<testcase classname="spec.value_objects.mapping_code_spec" name="MappingCode#to_glimr_str returns an uppercase version of the string value" file="./spec/value_objects/mapping_code_spec.rb" time="0.000909"></testcase>
<testcase classname="spec.forms.steps.appeal.penalty_amount_form_spec" name="Steps::Appeal::PenaltyAmountForm#save when penalty_level is not given returns false" file="./spec/forms/steps/appeal/penalty_amount_form_spec.rb" time="0.001643"></testcase>
<testcase classname="spec.forms.steps.appeal.penalty_amount_form_spec" name="Steps::Appeal::PenaltyAmountForm#save when penalty_level is not given has a validation error on the field" file="./spec/forms/steps/appeal/penalty_amount_form_spec.rb" time="0.001792"></testcase>
<testcase classname="spec.forms.steps.appeal.penalty_amount_form_spec" name="Steps::Appeal::PenaltyAmountForm#save when no tribunal_case is associated with the form raises an error" file="./spec/forms/steps/appeal/penalty_amount_form_spec.rb" time="0.001104"></testcase>
<testcase classname="spec.forms.steps.appeal.penalty_amount_form_spec" name="Steps::Appeal::PenaltyAmountForm#save when penalty_level is valid saves the record" file="./spec/forms/steps/appeal/penalty_amount_form_spec.rb" time="0.001587"></testcase>
<testcase classname="spec.forms.steps.appeal.penalty_amount_form_spec" name="Steps::Appeal::PenaltyAmountForm#save when penalty_level is valid when penalty amount is required when penalty amount is not supplied has a validation error on the field" file="./spec/forms/steps/appeal/penalty_amount_form_spec.rb" time="0.002019"></testcase>
<testcase classname="spec.forms.steps.appeal.penalty_amount_form_spec" name="Steps::Appeal::PenaltyAmountForm#save when penalty_level is valid when penalty amount is required when penalty amount is not supplied returns false" file="./spec/forms/steps/appeal/penalty_amount_form_spec.rb" time="0.001327"></testcase>
<testcase classname="spec.forms.steps.appeal.penalty_amount_form_spec" name="Steps::Appeal::PenaltyAmountForm#save when penalty_level is valid when penalty amount is required when penalty amount supplied is at lower bound or below does not save the record" file="./spec/forms/steps/appeal/penalty_amount_form_spec.rb" time="0.001346"></testcase>
<testcase classname="spec.forms.steps.appeal.penalty_amount_form_spec" name="Steps::Appeal::PenaltyAmountForm#save when penalty_level is valid when penalty amount is required when penalty amount supplied is at lower bound or below does not save the record" file="./spec/forms/steps/appeal/penalty_amount_form_spec.rb" time="0.001497"></testcase>
<testcase classname="spec.forms.steps.appeal.penalty_amount_form_spec" name="Steps::Appeal::PenaltyAmountForm#save when penalty_level is valid when penalty amount is required when penalty amount supplied is in valid range saves the record" file="./spec/forms/steps/appeal/penalty_amount_form_spec.rb" time="0.001621"></testcase>
<testcase classname="spec.forms.steps.appeal.penalty_amount_form_spec" name="Steps::Appeal::PenaltyAmountForm#save when penalty_level is valid when penalty amount is required when penalty amount supplied is unknown saves the record" file="./spec/forms/steps/appeal/penalty_amount_form_spec.rb" time="0.001844"></testcase>
<testcase classname="spec.forms.steps.appeal.penalty_amount_form_spec" name="Steps::Appeal::PenaltyAmountForm#save when penalty_level is not valid has a validation error on the field" file="./spec/forms/steps/appeal/penalty_amount_form_spec.rb" time="0.001618"></testcase>
<testcase classname="spec.forms.steps.appeal.penalty_amount_form_spec" name="Steps::Appeal::PenaltyAmountForm#save when penalty_level is not valid returns false" file="./spec/forms/steps/appeal/penalty_amount_form_spec.rb" time="0.001570"></testcase>
<testcase classname="spec.presenters.check_answers.hardship_section_presenter_spec" name="CheckAnswers::HardshipSectionPresenter#name is expected to be correct" file="./spec/presenters/check_answers/hardship_section_presenter_spec.rb" time="0.003377"></testcase>
<testcase classname="spec.presenters.check_answers.hardship_section_presenter_spec" name="CheckAnswers::HardshipSectionPresenter#answers has the correct rows" file="./spec/presenters/check_answers/hardship_section_presenter_spec.rb" time="0.005305"></testcase>
<testcase classname="spec.presenters.check_answers.hardship_section_presenter_spec" name="CheckAnswers::HardshipSectionPresenter#show when hardship does not apply returns false" file="./spec/presenters/check_answers/hardship_section_presenter_spec.rb" time="0.002173"></testcase>
<testcase classname="spec.presenters.check_answers.hardship_section_presenter_spec" name="CheckAnswers::HardshipSectionPresenter#show when hardship applies returns true" file="./spec/presenters/check_answers/hardship_section_presenter_spec.rb" time="0.002069"></testcase>
<testcase classname="spec.controllers.steps.details.representative_professional_status_controller_spec" name="Steps::Details::RepresentativeProfessionalStatusController behaves like an intermediate step controller #update when there is no case in the session redirects to the invalid session error page" file="./spec/controllers/steps/details/representative_professional_status_controller_spec.rb" time="0.004762"></testcase>
<testcase classname="spec.controllers.steps.details.representative_professional_status_controller_spec" name="Steps::Details::RepresentativeProfessionalStatusController behaves like an intermediate step controller #update when there is an already submitted case in the session redirects to the case already submitted error page" file="./spec/controllers/steps/details/representative_professional_status_controller_spec.rb" time="0.007998"></testcase>
<testcase classname="spec.controllers.steps.details.representative_professional_status_controller_spec" name="Steps::Details::RepresentativeProfessionalStatusController behaves like an intermediate step controller #update when a case in progress is in the session when the form saves successfully asks the decision tree for the next destination and redirects there" file="./spec/controllers/steps/details/representative_professional_status_controller_spec.rb" time="0.011896"></testcase>
<testcase classname="spec.controllers.steps.details.representative_professional_status_controller_spec" name="Steps::Details::RepresentativeProfessionalStatusController behaves like an intermediate step controller #update when a case in progress is in the session when the form fails to save renders the question page again" file="./spec/controllers/steps/details/representative_professional_status_controller_spec.rb" time="0.013164"></testcase>
<testcase classname="spec.controllers.steps.details.representative_professional_status_controller_spec" name="Steps::Details::RepresentativeProfessionalStatusController behaves like an intermediate step controller #edit when no case exists in the session yet redirects to the invalid session error page" file="./spec/controllers/steps/details/representative_professional_status_controller_spec.rb" time="0.003822"></testcase>
<testcase classname="spec.controllers.steps.details.representative_professional_status_controller_spec" name="Steps::Details::RepresentativeProfessionalStatusController behaves like an intermediate step controller #edit when a case exists in the session responds with HTTP success" file="./spec/controllers/steps/details/representative_professional_status_controller_spec.rb" time="0.011246"></testcase>
<testcase classname="spec.services.glimr_direct_api_client.hwf_requested_spec" name="GlimrDirectApiClient::HwfRequested#re_raise_error error 611 - FeeLiability not found raises FeeLiabilityNotFound" file="./spec/services/glimr_direct_api_client/hwf_requested_spec.rb" time="0.046615"></testcase>
<testcase classname="spec.services.glimr_direct_api_client.hwf_requested_spec" name="GlimrDirectApiClient::HwfRequested#re_raise_error unknown glimr error raises Unavailable with the error message" file="./spec/services/glimr_direct_api_client/hwf_requested_spec.rb" time="0.012750"></testcase>
<testcase classname="spec.services.glimr_direct_api_client.hwf_requested_spec" name="GlimrDirectApiClient::HwfRequested#re_raise_error error 612 - InvalidAmount raises InvalidAmount" file="./spec/services/glimr_direct_api_client/hwf_requested_spec.rb" time="0.012606"></testcase>
<testcase classname="spec.services.glimr_direct_api_client.hwf_requested_spec" name="GlimrDirectApiClient::HwfRequested#endpoint is expected to eq &quot;/hwfrequested&quot;" file="./spec/services/glimr_direct_api_client/hwf_requested_spec.rb" time="0.001112"></testcase>
<testcase classname="spec.services.glimr_direct_api_client.hwf_requested_spec" name="GlimrDirectApiClient::HwfRequested validating parameters raises an error when no parameters are supplied" file="./spec/services/glimr_direct_api_client/hwf_requested_spec.rb" time="0.001050"></testcase>
<testcase classname="spec.services.glimr_direct_api_client.hwf_requested_spec" name="GlimrDirectApiClient::HwfRequested validating parameters does not raise an error when required parameters are provided" file="./spec/services/glimr_direct_api_client/hwf_requested_spec.rb" time="0.012686"></testcase>
<testcase classname="spec.services.glimr_direct_api_client.hwf_requested_spec" name="GlimrDirectApiClient::HwfRequested validating parameters when hwfRequestReference is missing raises an error" file="./spec/services/glimr_direct_api_client/hwf_requested_spec.rb" time="0.001260"></testcase>
<testcase classname="spec.services.glimr_direct_api_client.hwf_requested_spec" name="GlimrDirectApiClient::HwfRequested validating parameters when jurisdictionId is missing raises an error" file="./spec/services/glimr_direct_api_client/hwf_requested_spec.rb" time="0.001456"></testcase>
<testcase classname="spec.presenters.check_answers.taxpayer_section_presenter_spec" name="CheckAnswers::TaxpayerSectionPresenter#answers when there is no rep has the correct rows" file="./spec/presenters/check_answers/taxpayer_section_presenter_spec.rb" time="0.010378"></testcase>
<testcase classname="spec.presenters.check_answers.taxpayer_section_presenter_spec" name="CheckAnswers::TaxpayerSectionPresenter#answers when there is a rep has the correct rows" file="./spec/presenters/check_answers/taxpayer_section_presenter_spec.rb" time="0.009470"></testcase>
<testcase classname="spec.presenters.check_answers.taxpayer_section_presenter_spec" name="CheckAnswers::TaxpayerSectionPresenter#show? when the representative question have not been answered returns false" file="./spec/presenters/check_answers/taxpayer_section_presenter_spec.rb" time="0.002910"></testcase>
<testcase classname="spec.presenters.check_answers.taxpayer_section_presenter_spec" name="CheckAnswers::TaxpayerSectionPresenter#show? when the representative question have been answered returns true" file="./spec/presenters/check_answers/taxpayer_section_presenter_spec.rb" time="0.002964"></testcase>
<testcase classname="spec.presenters.check_answers.taxpayer_section_presenter_spec" name="CheckAnswers::TaxpayerSectionPresenter#name is expected to be correct" file="./spec/presenters/check_answers/taxpayer_section_presenter_spec.rb" time="0.002123"></testcase>
<testcase classname="spec.forms.steps.details.user_type_form_spec" name="Steps::Details::UserTypeForm#save when user_type is valid saves the record" file="./spec/forms/steps/details/user_type_form_spec.rb" time="0.002744"></testcase>
<testcase classname="spec.forms.steps.details.user_type_form_spec" name="Steps::Details::UserTypeForm#save when user_type is not given has a validation error on the field" file="./spec/forms/steps/details/user_type_form_spec.rb" time="0.002328"></testcase>
<testcase classname="spec.forms.steps.details.user_type_form_spec" name="Steps::Details::UserTypeForm#save when user_type is not given returns false" file="./spec/forms/steps/details/user_type_form_spec.rb" time="0.001420"></testcase>
<testcase classname="spec.forms.steps.details.user_type_form_spec" name="Steps::Details::UserTypeForm#save when user_type is not valid returns false" file="./spec/forms/steps/details/user_type_form_spec.rb" time="0.001265"></testcase>
<testcase classname="spec.forms.steps.details.user_type_form_spec" name="Steps::Details::UserTypeForm#save when user_type is not valid has a validation error on the field" file="./spec/forms/steps/details/user_type_form_spec.rb" time="0.001727"></testcase>
<testcase classname="spec.forms.steps.details.user_type_form_spec" name="Steps::Details::UserTypeForm#save when no tribunal_case is associated with the form raises an error" file="./spec/forms/steps/details/user_type_form_spec.rb" time="0.001087"></testcase>
<testcase classname="spec.forms.steps.details.user_type_form_spec" name="Steps::Details::UserTypeForm#save when user_type is already the same on the model does not save the record but returns true" file="./spec/forms/steps/details/user_type_form_spec.rb" time="0.001325"></testcase>
<testcase classname="spec.services.challenge_decision_tree.challenged_decision_spec" name="ChallengeDecisionTree#destination for a direct tax and the case has not been challenged is expected to have destination :must_challenge_hmrc and :show" file="./spec/services/challenge_decision_tree/challenged_decision_spec.rb" time="0.001566"></testcase>
<testcase classname="spec.services.challenge_decision_tree.challenged_decision_spec" name="ChallengeDecisionTree#destination for a direct tax and the case has been challenged is expected to have destination :decision_status and :edit" file="./spec/services/challenge_decision_tree/challenged_decision_spec.rb" time="0.001326"></testcase>
<testcase classname="spec.services.challenge_decision_tree.challenged_decision_spec" name="ChallengeDecisionTree#destination for an indirect tax and the case has been challenged is expected to have destination :decision_status and :edit" file="./spec/services/challenge_decision_tree/challenged_decision_spec.rb" time="0.001303"></testcase>
<testcase classname="spec.services.challenge_decision_tree.challenged_decision_spec" name="ChallengeDecisionTree#destination for an indirect tax and the case has not been challenged and the case type asks dispute type is expected to have destination &quot;/steps/appeal/dispute_type&quot; and :edit" file="./spec/services/challenge_decision_tree/challenged_decision_spec.rb" time="0.001238"></testcase>
<testcase classname="spec.services.challenge_decision_tree.challenged_decision_spec" name="ChallengeDecisionTree#destination for an indirect tax and the case has not been challenged and the case type does not ask dispute type or penalty is expected to have destination &quot;/steps/lateness/in_time&quot; and :edit" file="./spec/services/challenge_decision_tree/challenged_decision_spec.rb" time="0.001223"></testcase>
<testcase classname="spec.services.challenge_decision_tree.challenged_decision_spec" name="ChallengeDecisionTree#destination for an indirect tax and the case has not been challenged and the case type asks penalty is expected to have destination &quot;/steps/appeal/penalty_amount&quot; and :edit" file="./spec/services/challenge_decision_tree/challenged_decision_spec.rb" time="0.001257"></testcase>
<testcase classname="spec.services.challenge_decision_tree.challenged_decision_spec" name="ChallengeDecisionTree#destination for a restoration case and the case has not been challenged is expected to have destination :must_ask_for_review and :show" file="./spec/services/challenge_decision_tree/challenged_decision_spec.rb" time="0.001493"></testcase>
<testcase classname="spec.services.challenge_decision_tree.challenged_decision_spec" name="ChallengeDecisionTree#destination for a restoration case and the case has been challenged is expected to have destination :decision_status and :edit" file="./spec/services/challenge_decision_tree/challenged_decision_spec.rb" time="0.001172"></testcase>
<testcase classname="spec.forms.steps.hardship.hardship_reason_form_spec" name="Steps::Hardship::HardshipReasonForm#save behaves like a document attachable step form when form is valid when providing appeal text saves the record" file="./spec/forms/steps/hardship/hardship_reason_form_spec.rb" time="0.002174"></testcase>
<testcase classname="spec.forms.steps.hardship.hardship_reason_form_spec" name="Steps::Hardship::HardshipReasonForm#save behaves like a document attachable step form when form is valid when providing appeal text and document saves the record" file="./spec/forms/steps/hardship/hardship_reason_form_spec.rb" time="0.002941"></testcase>
<testcase classname="spec.forms.steps.hardship.hardship_reason_form_spec" name="Steps::Hardship::HardshipReasonForm#save behaves like a document attachable step form when form is valid when providing an attached document document upload successful saves the record" file="./spec/forms/steps/hardship/hardship_reason_form_spec.rb" time="0.003104"></testcase>
<testcase classname="spec.forms.steps.hardship.hardship_reason_form_spec" name="Steps::Hardship::HardshipReasonForm#save behaves like a document attachable step form when form is valid when providing an attached document document upload unsuccessful doesn&apos;t save the record" file="./spec/forms/steps/hardship/hardship_reason_form_spec.rb" time="0.002468"></testcase>
<testcase classname="spec.forms.steps.hardship.hardship_reason_form_spec" name="Steps::Hardship::HardshipReasonForm#save behaves like a document attachable step form validations when document is not valid should retrieve the errors from the uploader" file="./spec/forms/steps/hardship/hardship_reason_form_spec.rb" time="0.003325"></testcase>
<testcase classname="spec.forms.steps.hardship.hardship_reason_form_spec" name="Steps::Hardship::HardshipReasonForm#save behaves like a document attachable step form validations when text nor document are present returns false" file="./spec/forms/steps/hardship/hardship_reason_form_spec.rb" time="0.001973"></testcase>
<testcase classname="spec.forms.steps.hardship.hardship_reason_form_spec" name="Steps::Hardship::HardshipReasonForm#save behaves like a document attachable step form validations when text nor document are present has a validation error on the text field" file="./spec/forms/steps/hardship/hardship_reason_form_spec.rb" time="0.002446"></testcase>
<testcase classname="spec.forms.steps.hardship.hardship_reason_form_spec" name="Steps::Hardship::HardshipReasonForm#save behaves like a document attachable step form when no tribunal_case is associated with the form raises an error" file="./spec/forms/steps/hardship/hardship_reason_form_spec.rb" time="0.001954"></testcase>
<testcase classname="spec.models.tribunal_case_spec" name="TribunalCase#save columns that store text scrub %" file="./spec/models/tribunal_case_spec.rb" time="0.002125"></testcase>
<testcase classname="spec.models.tribunal_case_spec" name="TribunalCase#save columns that store text scrub =" file="./spec/models/tribunal_case_spec.rb" time="0.002046"></testcase>
<testcase classname="spec.models.tribunal_case_spec" name="TribunalCase#save columns that store text remove `drop table` case-insensitively" file="./spec/models/tribunal_case_spec.rb" time="0.001681"></testcase>
<testcase classname="spec.models.tribunal_case_spec" name="TribunalCase#save columns that store text scrub *" file="./spec/models/tribunal_case_spec.rb" time="0.001950"></testcase>
<testcase classname="spec.models.tribunal_case_spec" name="TribunalCase#save columns that store text are sanitized" file="./spec/models/tribunal_case_spec.rb" time="0.001641"></testcase>
<testcase classname="spec.models.tribunal_case_spec" name="TribunalCase#save columns that store text remove `insert into` case-insensitively" file="./spec/models/tribunal_case_spec.rb" time="0.001786"></testcase>
<testcase classname="spec.models.tribunal_case_spec" name="TribunalCase#save columns that store strings remove `insert into` case-insensitively" file="./spec/models/tribunal_case_spec.rb" time="0.001937"></testcase>
<testcase classname="spec.models.tribunal_case_spec" name="TribunalCase#save columns that store strings remove `drop table` case-insensitively" file="./spec/models/tribunal_case_spec.rb" time="0.001955"></testcase>
<testcase classname="spec.models.tribunal_case_spec" name="TribunalCase#save columns that store strings scrub *" file="./spec/models/tribunal_case_spec.rb" time="0.002153"></testcase>
<testcase classname="spec.models.tribunal_case_spec" name="TribunalCase#save columns that store strings scrub =" file="./spec/models/tribunal_case_spec.rb" time="0.002013"></testcase>
<testcase classname="spec.models.tribunal_case_spec" name="TribunalCase#save columns that store strings scrub %" file="./spec/models/tribunal_case_spec.rb" time="0.001971"></testcase>
<testcase classname="spec.models.tribunal_case_spec" name="TribunalCase#save columns that store strings are sanitized" file="./spec/models/tribunal_case_spec.rb" time="0.001594"></testcase>
<testcase classname="spec.models.tribunal_case_spec" name="TribunalCase#save columns that store value objects are not sanitized" file="./spec/models/tribunal_case_spec.rb" time="0.001476"></testcase>
<testcase classname="spec.models.tribunal_case_spec" name="TribunalCase#documents_url should retrieve the base url from the ENV and append the files collection ref" file="./spec/models/tribunal_case_spec.rb" time="0.001373"></testcase>
<testcase classname="spec.models.tribunal_case_spec" name="TribunalCase#mapping_code is expected to respond to #mapping_code" file="./spec/models/tribunal_case_spec.rb" time="0.002400"></testcase>
<testcase classname="spec.models.tribunal_case_spec" name="TribunalCase#appeal_or_application no intent no case type is expected to eq :appeal" file="./spec/models/tribunal_case_spec.rb" time="0.001065"></testcase>
<testcase classname="spec.models.tribunal_case_spec" name="TribunalCase#appeal_or_application delegates to CaseType is expected to eq :bar" file="./spec/models/tribunal_case_spec.rb" time="0.001233"></testcase>
<testcase classname="spec.models.tribunal_case_spec" name="TribunalCase#appeal_or_application Intent::TAX_APPEAL and no case type is expected to eq :appeal" file="./spec/models/tribunal_case_spec.rb" time="0.001459"></testcase>
<testcase classname="spec.models.tribunal_case_spec" name="TribunalCase#appeal_or_application Intent::CLOSE_ENQUIRY returns :application" file="./spec/models/tribunal_case_spec.rb" time="0.001111"></testcase>
<testcase classname="spec.models.tribunal_case_spec" name="TribunalCase send application details attributes has send application details field for taxpayer" file="./spec/models/tribunal_case_spec.rb" time="0.001197"></testcase>
<testcase classname="spec.models.tribunal_case_spec" name="TribunalCase send application details attributes has send application details field for representative" file="./spec/models/tribunal_case_spec.rb" time="0.001063"></testcase>
<testcase classname="spec.models.tribunal_case_spec" name="TribunalCase#tax_appeal? for closure is expected not to be tax appeal" file="./spec/models/tribunal_case_spec.rb" time="0.001123"></testcase>
<testcase classname="spec.models.tribunal_case_spec" name="TribunalCase#tax_appeal? for appeal is expected to be tax appeal" file="./spec/models/tribunal_case_spec.rb" time="0.001057"></testcase>
<testcase classname="spec.models.tribunal_case_spec" name="TribunalCase when the user is the taxpayer #started_by_representative? is expected to equal false" file="./spec/models/tribunal_case_spec.rb" time="0.001172"></testcase>
<testcase classname="spec.models.tribunal_case_spec" name="TribunalCase when the user is the taxpayer #started_by_taxpayer? is expected to equal true" file="./spec/models/tribunal_case_spec.rb" time="0.001125"></testcase>
<testcase classname="spec.models.tribunal_case_spec" name="TribunalCase#intent_case_type for an appeal intent retrieves the `case_type`" file="./spec/models/tribunal_case_spec.rb" time="0.001383"></testcase>
<testcase classname="spec.models.tribunal_case_spec" name="TribunalCase#intent_case_type for a closure intent retrieves the `closure_case_type`" file="./spec/models/tribunal_case_spec.rb" time="0.001289"></testcase>
<testcase classname="spec.models.tribunal_case_spec" name="TribunalCase when the user is a representative #started_by_taxpayer? is expected to equal false" file="./spec/models/tribunal_case_spec.rb" time="0.001160"></testcase>
<testcase classname="spec.models.tribunal_case_spec" name="TribunalCase when the user is a representative #started_by_representative? is expected to equal true" file="./spec/models/tribunal_case_spec.rb" time="0.001072"></testcase>
<testcase classname="spec.models.tribunal_case_spec" name="TribunalCase language attribute returns selected language" file="./spec/models/tribunal_case_spec.rb" time="0.001074"></testcase>
<testcase classname="spec.models.tribunal_case_spec" name="TribunalCase#blank? calls `#intent_case_type`" file="./spec/models/tribunal_case_spec.rb" time="0.001321"></testcase>
<testcase classname="spec.models.tribunal_case_spec" name="TribunalCase#blank? returns false if a case type is set" file="./spec/models/tribunal_case_spec.rb" time="0.001290"></testcase>
<testcase classname="spec.models.tribunal_case_spec" name="TribunalCase#blank? returns true if no case type is set" file="./spec/models/tribunal_case_spec.rb" time="0.001209"></testcase>
<testcase classname="spec.models.tribunal_case_spec" name="TribunalCase#has_representative? when value is `no` is expected to eq false" file="./spec/models/tribunal_case_spec.rb" time="0.001158"></testcase>
<testcase classname="spec.models.tribunal_case_spec" name="TribunalCase#has_representative? when value is `yes` is expected to eq true" file="./spec/models/tribunal_case_spec.rb" time="0.001190"></testcase>
<testcase classname="spec.models.tribunal_case_spec" name="TribunalCase#documents returns empty array if no documents found" file="./spec/models/tribunal_case_spec.rb" time="0.001444"></testcase>
<testcase classname="spec.models.tribunal_case_spec" name="TribunalCase#documents delegates to Document" file="./spec/models/tribunal_case_spec.rb" time="0.001465"></testcase>
<testcase classname="spec.models.tribunal_case_spec" name="TribunalCase#documents memoizes" file="./spec/models/tribunal_case_spec.rb" time="0.001541"></testcase>
<testcase classname="spec.models.tribunal_case_spec" name="TribunalCase#documents when having_problems_uploading is given does not return any documents" file="./spec/models/tribunal_case_spec.rb" time="0.001287"></testcase>
<testcase classname="spec.models.tribunal_case_spec" name="TribunalCase#representative_is_organisation? queries the representative_type" file="./spec/models/tribunal_case_spec.rb" time="0.001138"></testcase>
<testcase classname="spec.models.tribunal_case_spec" name="TribunalCase#taxpayer_is_organisation? queries the taxpayer_type" file="./spec/models/tribunal_case_spec.rb" time="0.001141"></testcase>
<testcase classname="spec.helpers.letter_type_helper_spec" name="LetterTypeHelper#i18n_letter_type for a challenge decision status of `refused` is expected to eq :original_notice_letter" file="./spec/helpers/letter_type_helper_spec.rb" time="0.002828"></testcase>
<testcase classname="spec.helpers.letter_type_helper_spec" name="LetterTypeHelper#i18n_letter_type for a challenge decision status of `received` is expected to eq :review_conclusion_letter" file="./spec/helpers/letter_type_helper_spec.rb" time="0.002595"></testcase>
<testcase classname="spec.helpers.letter_type_helper_spec" name="LetterTypeHelper#i18n_letter_type for a challenge decision status of `appealing directly` is expected to eq :original_notice_letter" file="./spec/helpers/letter_type_helper_spec.rb" time="0.003084"></testcase>
<testcase classname="spec.helpers.letter_type_helper_spec" name="LetterTypeHelper#i18n_letter_type for a challenge decision status of `overdue` is expected to eq :original_notice_letter" file="./spec/helpers/letter_type_helper_spec.rb" time="0.003657"></testcase>
<testcase classname="spec.helpers.letter_type_helper_spec" name="LetterTypeHelper#i18n_letter_type for a challenge decision status of `late appeal` is expected to eq :late_appeal_refusal_letter" file="./spec/helpers/letter_type_helper_spec.rb" time="0.002604"></testcase>
<testcase classname="spec.helpers.letter_type_helper_spec" name="LetterTypeHelper#i18n_letter_type for a challenge decision status of `late review` is expected to eq :late_review_refusal_letter" file="./spec/helpers/letter_type_helper_spec.rb" time="0.002953"></testcase>
<testcase classname="spec.mailers.notify_mailer_spec" name="NotifyMailer ftt_new_case_notification behaves like a Notify mail sets the subject" file="./spec/mailers/notify_mailer_spec.rb" time="0.131046"></testcase>
<testcase classname="spec.mailers.notify_mailer_spec" name="NotifyMailer ftt_new_case_notification behaves like a Notify mail is a govuk_notify delivery" file="./spec/mailers/notify_mailer_spec.rb" time="0.004436"></testcase>
<testcase classname="spec.mailers.notify_mailer_spec" name="NotifyMailer ftt_new_case_notification behaves like a Notify mail sets the template" file="./spec/mailers/notify_mailer_spec.rb" time="0.004029"></testcase>
<testcase classname="spec.mailers.notify_mailer_spec" name="NotifyMailer ftt_new_case_notification recipient is expected to eq [&quot;ftt@email.com&quot;]" file="./spec/mailers/notify_mailer_spec.rb" time="0.003865"></testcase>
<testcase classname="spec.mailers.notify_mailer_spec" name="NotifyMailer ftt_new_case_notification personalisation sets the personalisation" file="./spec/mailers/notify_mailer_spec.rb" time="0.004078"></testcase>
<testcase classname="spec.mailers.notify_mailer_spec" name="NotifyMailer application_details_text sends the text" file="./spec/mailers/notify_mailer_spec.rb" time="0.004297"></testcase>
<testcase classname="spec.mailers.notify_mailer_spec" name="NotifyMailer#reset_password_instructions has the right keys" file="./spec/mailers/notify_mailer_spec.rb" time="0.017395"></testcase>
<testcase classname="spec.mailers.notify_mailer_spec" name="NotifyMailer#reset_password_instructions behaves like a Notify mail is a govuk_notify delivery" file="./spec/mailers/notify_mailer_spec.rb" time="0.005643"></testcase>
<testcase classname="spec.mailers.notify_mailer_spec" name="NotifyMailer#reset_password_instructions behaves like a Notify mail sets the template" file="./spec/mailers/notify_mailer_spec.rb" time="0.004208"></testcase>
<testcase classname="spec.mailers.notify_mailer_spec" name="NotifyMailer#reset_password_instructions behaves like a Notify mail sets the subject" file="./spec/mailers/notify_mailer_spec.rb" time="0.003627"></testcase>
<testcase classname="spec.mailers.notify_mailer_spec" name="NotifyMailer application_details_copy behaves like a Notify mail sets the template" file="./spec/mailers/notify_mailer_spec.rb" time="0.003686"></testcase>
<testcase classname="spec.mailers.notify_mailer_spec" name="NotifyMailer application_details_copy behaves like a Notify mail sets the subject" file="./spec/mailers/notify_mailer_spec.rb" time="0.003088"></testcase>
<testcase classname="spec.mailers.notify_mailer_spec" name="NotifyMailer application_details_copy behaves like a Notify mail is a govuk_notify delivery" file="./spec/mailers/notify_mailer_spec.rb" time="0.003854"></testcase>
<testcase classname="spec.mailers.notify_mailer_spec" name="NotifyMailer application_details_copy personalisation sets the personalisation" file="./spec/mailers/notify_mailer_spec.rb" time="0.003366"></testcase>
<testcase classname="spec.mailers.notify_mailer_spec" name="NotifyMailer application_details_copy personalisation uses provided email content" file="./spec/mailers/notify_mailer_spec.rb" time="0.003468"></testcase>
<testcase classname="spec.mailers.notify_mailer_spec" name="NotifyMailer application_details_copy recipient is expected to eq [&quot;taxpayer@email.com&quot;]" file="./spec/mailers/notify_mailer_spec.rb" time="0.003464"></testcase>
<testcase classname="spec.mailers.notify_mailer_spec" name="NotifyMailer incomplete_case_reminder recipient is expected to eq [&quot;user@example.com&quot;]" file="./spec/mailers/notify_mailer_spec.rb" time="0.005332"></testcase>
<testcase classname="spec.mailers.notify_mailer_spec" name="NotifyMailer incomplete_case_reminder personalisation sets the personalisation" file="./spec/mailers/notify_mailer_spec.rb" time="0.004363"></testcase>
<testcase classname="spec.mailers.notify_mailer_spec" name="NotifyMailer incomplete_case_reminder behaves like a Notify mail is a govuk_notify delivery" file="./spec/mailers/notify_mailer_spec.rb" time="0.004308"></testcase>
<testcase classname="spec.mailers.notify_mailer_spec" name="NotifyMailer incomplete_case_reminder behaves like a Notify mail sets the subject" file="./spec/mailers/notify_mailer_spec.rb" time="0.004659"></testcase>
<testcase classname="spec.mailers.notify_mailer_spec" name="NotifyMailer incomplete_case_reminder behaves like a Notify mail sets the template" file="./spec/mailers/notify_mailer_spec.rb" time="0.003888"></testcase>
<testcase classname="spec.mailers.notify_mailer_spec" name="NotifyMailer personalisation logging filter is expected to contain exactly :recipient_name, :company_name, :documents_url, and :reset_url" file="./spec/mailers/notify_mailer_spec.rb" time="0.002699"></testcase>
<testcase classname="spec.mailers.notify_mailer_spec" name="NotifyMailer#password_change has the right keys" file="./spec/mailers/notify_mailer_spec.rb" time="0.003919"></testcase>
<testcase classname="spec.mailers.notify_mailer_spec" name="NotifyMailer#password_change behaves like a Notify mail sets the subject" file="./spec/mailers/notify_mailer_spec.rb" time="0.004119"></testcase>
<testcase classname="spec.mailers.notify_mailer_spec" name="NotifyMailer#password_change behaves like a Notify mail sets the template" file="./spec/mailers/notify_mailer_spec.rb" time="0.003968"></testcase>
<testcase classname="spec.mailers.notify_mailer_spec" name="NotifyMailer#password_change behaves like a Notify mail is a govuk_notify delivery" file="./spec/mailers/notify_mailer_spec.rb" time="0.004343"></testcase>
<testcase classname="spec.mailers.notify_mailer_spec" name="NotifyMailer#glimr_batch_complete has the right keys" file="./spec/mailers/notify_mailer_spec.rb" time="0.003315"></testcase>
<testcase classname="spec.mailers.notify_mailer_spec" name="NotifyMailer#glimr_batch_complete behaves like a Notify mail sets the template" file="./spec/mailers/notify_mailer_spec.rb" time="0.003750"></testcase>
<testcase classname="spec.mailers.notify_mailer_spec" name="NotifyMailer#glimr_batch_complete behaves like a Notify mail is a govuk_notify delivery" file="./spec/mailers/notify_mailer_spec.rb" time="0.003051"></testcase>
<testcase classname="spec.mailers.notify_mailer_spec" name="NotifyMailer#glimr_batch_complete behaves like a Notify mail sets the subject" file="./spec/mailers/notify_mailer_spec.rb" time="0.003257"></testcase>
<testcase classname="spec.mailers.notify_mailer_spec" name="NotifyMailer#new_case_saved_confirmation has the right keys" file="./spec/mailers/notify_mailer_spec.rb" time="0.003770"></testcase>
<testcase classname="spec.mailers.notify_mailer_spec" name="NotifyMailer#new_case_saved_confirmation behaves like a Notify mail sets the template" file="./spec/mailers/notify_mailer_spec.rb" time="0.004224"></testcase>
<testcase classname="spec.mailers.notify_mailer_spec" name="NotifyMailer#new_case_saved_confirmation behaves like a Notify mail is a govuk_notify delivery" file="./spec/mailers/notify_mailer_spec.rb" time="0.004453"></testcase>
<testcase classname="spec.mailers.notify_mailer_spec" name="NotifyMailer#new_case_saved_confirmation behaves like a Notify mail sets the subject" file="./spec/mailers/notify_mailer_spec.rb" time="0.004112"></testcase>
<testcase classname="spec.mailers.notify_mailer_spec" name="NotifyMailer taxpayer_case_confirmation behaves like a Notify mail sets the subject" file="./spec/mailers/notify_mailer_spec.rb" time="0.003073"></testcase>
<testcase classname="spec.mailers.notify_mailer_spec" name="NotifyMailer taxpayer_case_confirmation behaves like a Notify mail sets the template" file="./spec/mailers/notify_mailer_spec.rb" time="0.003402"></testcase>
<testcase classname="spec.mailers.notify_mailer_spec" name="NotifyMailer taxpayer_case_confirmation behaves like a Notify mail is a govuk_notify delivery" file="./spec/mailers/notify_mailer_spec.rb" time="0.004178"></testcase>
<testcase classname="spec.mailers.notify_mailer_spec" name="NotifyMailer taxpayer_case_confirmation capturing unexpected errors should report the exception" file="./spec/mailers/notify_mailer_spec.rb" time="0.006645"></testcase>
<testcase classname="spec.mailers.notify_mailer_spec" name="NotifyMailer taxpayer_case_confirmation personalisation sets the personalisation" file="./spec/mailers/notify_mailer_spec.rb" time="0.003325"></testcase>
<testcase classname="spec.mailers.notify_mailer_spec" name="NotifyMailer taxpayer_case_confirmation without case reference sets the personalisation" file="./spec/mailers/notify_mailer_spec.rb" time="0.006336"></testcase>
<testcase classname="spec.mailers.notify_mailer_spec" name="NotifyMailer#statistics_report gets the template id from an env var" file="./spec/mailers/notify_mailer_spec.rb" time="0.003649"></testcase>
<testcase classname="spec.mailers.notify_mailer_spec" name="NotifyMailer#statistics_report gets the recipient from an env var" file="./spec/mailers/notify_mailer_spec.rb" time="0.002839"></testcase>
<testcase classname="spec.mailers.notify_mailer_spec" name="NotifyMailer#statistics_report has the right keys" file="./spec/mailers/notify_mailer_spec.rb" time="0.003263"></testcase>
<testcase classname="spec.mailers.notify_mailer_spec" name="NotifyMailer#statistics_report behaves like a Notify mail sets the subject" file="./spec/mailers/notify_mailer_spec.rb" time="0.002918"></testcase>
<testcase classname="spec.mailers.notify_mailer_spec" name="NotifyMailer#statistics_report behaves like a Notify mail is a govuk_notify delivery" file="./spec/mailers/notify_mailer_spec.rb" time="0.003509"></testcase>
<testcase classname="spec.mailers.notify_mailer_spec" name="NotifyMailer#statistics_report behaves like a Notify mail sets the template" file="./spec/mailers/notify_mailer_spec.rb" time="0.003183"></testcase>
<testcase classname="spec.mailers.notify_mailer_spec" name="NotifyMailer#report_problem has the right keys" file="./spec/mailers/notify_mailer_spec.rb" time="0.004217"></testcase>
<testcase classname="spec.mailers.notify_mailer_spec" name="NotifyMailer#report_problem gets the template id from an env var" file="./spec/mailers/notify_mailer_spec.rb" time="0.003577"></testcase>
<testcase classname="spec.mailers.notify_mailer_spec" name="NotifyMailer#report_problem gets the recipient from an env var" file="./spec/mailers/notify_mailer_spec.rb" time="0.003838"></testcase>
<testcase classname="spec.mailers.notify_mailer_spec" name="NotifyMailer#report_problem behaves like a Notify mail sets the template" file="./spec/mailers/notify_mailer_spec.rb" time="0.003305"></testcase>
<testcase classname="spec.mailers.notify_mailer_spec" name="NotifyMailer#report_problem behaves like a Notify mail is a govuk_notify delivery" file="./spec/mailers/notify_mailer_spec.rb" time="0.003225"></testcase>
<testcase classname="spec.mailers.notify_mailer_spec" name="NotifyMailer#report_problem behaves like a Notify mail sets the subject" file="./spec/mailers/notify_mailer_spec.rb" time="0.003352"></testcase>
<testcase classname="spec.controllers.steps.details.check_answers_controller_spec" name="Steps::Details::CheckAnswersController HTML format assigns the presenter" file="./spec/controllers/steps/details/check_answers_controller_spec.rb" time="0.013087"></testcase>
<testcase classname="spec.controllers.steps.details.check_answers_controller_spec" name="Steps::Details::CheckAnswersController#resume when user is signed in renders the expected page" file="./spec/controllers/steps/details/check_answers_controller_spec.rb" time="0.012377"></testcase>
<testcase classname="spec.controllers.steps.details.check_answers_controller_spec" name="Steps::Details::CheckAnswersController#resume when user is not signed in redirects to the sign-in page" file="./spec/controllers/steps/details/check_answers_controller_spec.rb" time="0.013391"></testcase>
<testcase classname="spec.controllers.steps.details.check_answers_controller_spec" name="Steps::Details::CheckAnswersController PDF format generates and sends the case details PDF" file="./spec/controllers/steps/details/check_answers_controller_spec.rb" time="2.067255"></testcase>
<testcase classname="spec.controllers.steps.details.check_answers_controller_spec" name="Steps::Details::CheckAnswersController behaves like an end point step controller #show when no case exists in the session redirects to the invalid session error page" file="./spec/controllers/steps/details/check_answers_controller_spec.rb" time="0.007616"></testcase>
<testcase classname="spec.controllers.steps.details.check_answers_controller_spec" name="Steps::Details::CheckAnswersController behaves like an end point step controller #show when a case is in progress is successful" file="./spec/controllers/steps/details/check_answers_controller_spec.rb" time="0.010048"></testcase>
<testcase classname="spec.controllers.steps.details.taxpayer_details_controller_spec" name="Steps::Details::TaxpayerDetailsController given an individual taxpayer behaves like an intermediate step controller #edit when a case exists in the session responds with HTTP success" file="./spec/controllers/steps/details/taxpayer_details_controller_spec.rb" time="0.015995"></testcase>
<testcase classname="spec.controllers.steps.details.taxpayer_details_controller_spec" name="Steps::Details::TaxpayerDetailsController given an individual taxpayer behaves like an intermediate step controller #edit when no case exists in the session yet redirects to the invalid session error page" file="./spec/controllers/steps/details/taxpayer_details_controller_spec.rb" time="0.004302"></testcase>
<testcase classname="spec.controllers.steps.details.taxpayer_details_controller_spec" name="Steps::Details::TaxpayerDetailsController given an individual taxpayer behaves like an intermediate step controller #update when a case in progress is in the session when the form saves successfully asks the decision tree for the next destination and redirects there" file="./spec/controllers/steps/details/taxpayer_details_controller_spec.rb" time="0.010995"></testcase>
<testcase classname="spec.controllers.steps.details.taxpayer_details_controller_spec" name="Steps::Details::TaxpayerDetailsController given an individual taxpayer behaves like an intermediate step controller #update when a case in progress is in the session when the form fails to save renders the question page again" file="./spec/controllers/steps/details/taxpayer_details_controller_spec.rb" time="0.010321"></testcase>
<testcase classname="spec.controllers.steps.details.taxpayer_details_controller_spec" name="Steps::Details::TaxpayerDetailsController given an individual taxpayer behaves like an intermediate step controller #update when there is an already submitted case in the session redirects to the case already submitted error page" file="./spec/controllers/steps/details/taxpayer_details_controller_spec.rb" time="0.007708"></testcase>
<testcase classname="spec.controllers.steps.details.taxpayer_details_controller_spec" name="Steps::Details::TaxpayerDetailsController given an individual taxpayer behaves like an intermediate step controller #update when there is no case in the session redirects to the invalid session error page" file="./spec/controllers/steps/details/taxpayer_details_controller_spec.rb" time="0.004419"></testcase>
<testcase classname="spec.controllers.steps.details.taxpayer_details_controller_spec" name="Steps::Details::TaxpayerDetailsController given an organisation taxpayer behaves like an intermediate step controller #update when there is no case in the session redirects to the invalid session error page" file="./spec/controllers/steps/details/taxpayer_details_controller_spec.rb" time="0.022437"></testcase>
<testcase classname="spec.controllers.steps.details.taxpayer_details_controller_spec" name="Steps::Details::TaxpayerDetailsController given an organisation taxpayer behaves like an intermediate step controller #update when a case in progress is in the session when the form saves successfully asks the decision tree for the next destination and redirects there" file="./spec/controllers/steps/details/taxpayer_details_controller_spec.rb" time="0.010119"></testcase>
<testcase classname="spec.controllers.steps.details.taxpayer_details_controller_spec" name="Steps::Details::TaxpayerDetailsController given an organisation taxpayer behaves like an intermediate step controller #update when a case in progress is in the session when the form fails to save renders the question page again" file="./spec/controllers/steps/details/taxpayer_details_controller_spec.rb" time="0.011166"></testcase>
<testcase classname="spec.controllers.steps.details.taxpayer_details_controller_spec" name="Steps::Details::TaxpayerDetailsController given an organisation taxpayer behaves like an intermediate step controller #update when there is an already submitted case in the session redirects to the case already submitted error page" file="./spec/controllers/steps/details/taxpayer_details_controller_spec.rb" time="0.007322"></testcase>
<testcase classname="spec.controllers.steps.details.taxpayer_details_controller_spec" name="Steps::Details::TaxpayerDetailsController given an organisation taxpayer behaves like an intermediate step controller #edit when no case exists in the session yet redirects to the invalid session error page" file="./spec/controllers/steps/details/taxpayer_details_controller_spec.rb" time="0.003912"></testcase>
<testcase classname="spec.controllers.steps.details.taxpayer_details_controller_spec" name="Steps::Details::TaxpayerDetailsController given an organisation taxpayer behaves like an intermediate step controller #edit when a case exists in the session responds with HTTP success" file="./spec/controllers/steps/details/taxpayer_details_controller_spec.rb" time="0.010468"></testcase>
<testcase classname="spec.controllers.steps.details.taxpayer_details_controller_spec" name="Steps::Details::TaxpayerDetailsController given a company taxpayer behaves like an intermediate step controller #edit when a case exists in the session responds with HTTP success" file="./spec/controllers/steps/details/taxpayer_details_controller_spec.rb" time="0.011041"></testcase>
<testcase classname="spec.controllers.steps.details.taxpayer_details_controller_spec" name="Steps::Details::TaxpayerDetailsController given a company taxpayer behaves like an intermediate step controller #edit when no case exists in the session yet redirects to the invalid session error page" file="./spec/controllers/steps/details/taxpayer_details_controller_spec.rb" time="0.004733"></testcase>
<testcase classname="spec.controllers.steps.details.taxpayer_details_controller_spec" name="Steps::Details::TaxpayerDetailsController given a company taxpayer behaves like an intermediate step controller #update when a case in progress is in the session when the form saves successfully asks the decision tree for the next destination and redirects there" file="./spec/controllers/steps/details/taxpayer_details_controller_spec.rb" time="0.010871"></testcase>
<testcase classname="spec.controllers.steps.details.taxpayer_details_controller_spec" name="Steps::Details::TaxpayerDetailsController given a company taxpayer behaves like an intermediate step controller #update when a case in progress is in the session when the form fails to save renders the question page again" file="./spec/controllers/steps/details/taxpayer_details_controller_spec.rb" time="0.010308"></testcase>
<testcase classname="spec.controllers.steps.details.taxpayer_details_controller_spec" name="Steps::Details::TaxpayerDetailsController given a company taxpayer behaves like an intermediate step controller #update when there is no case in the session redirects to the invalid session error page" file="./spec/controllers/steps/details/taxpayer_details_controller_spec.rb" time="0.003823"></testcase>
<testcase classname="spec.controllers.steps.details.taxpayer_details_controller_spec" name="Steps::Details::TaxpayerDetailsController given a company taxpayer behaves like an intermediate step controller #update when there is an already submitted case in the session redirects to the case already submitted error page" file="./spec/controllers/steps/details/taxpayer_details_controller_spec.rb" time="0.007227"></testcase>
<testcase classname="spec.services.glimr_direct_api_client.available_spec" name="GlimrDirectApiClient::Available#available? when the service responds with an error the call raises an error" file="./spec/services/glimr_direct_api_client/available_spec.rb" time="0.004203"></testcase>
<testcase classname="spec.services.glimr_direct_api_client.available_spec" name="GlimrDirectApiClient::Available#available? when the service is available the call reports availability status" file="./spec/services/glimr_direct_api_client/available_spec.rb" time="0.003040"></testcase>
<testcase classname="spec.services.glimr_direct_api_client.available_spec" name="GlimrDirectApiClient::Available#available? when the service responds that it is not available the call raises an error" file="./spec/services/glimr_direct_api_client/available_spec.rb" time="0.002965"></testcase>
<testcase classname="spec.services.glimr_direct_api_client.available_spec" name="GlimrDirectApiClient::Available#request_body returns an empty hash" file="./spec/services/glimr_direct_api_client/available_spec.rb" time="0.001098"></testcase>
<testcase classname="spec.value_objects.challenged_decision_status_spec" name="ChallengedDecisionStatus.values returns all statuses" file="./spec/value_objects/challenged_decision_status_spec.rb" time="0.001034"></testcase>
<testcase classname="spec.forms.steps.lateness.in_time_form_spec" name="Steps::Lateness::InTimeForm#save when in_time is already the same on the model does not save the record but returns true" file="./spec/forms/steps/lateness/in_time_form_spec.rb" time="0.020278"></testcase>
<testcase classname="spec.forms.steps.lateness.in_time_form_spec" name="Steps::Lateness::InTimeForm#save when in_time is not given has a validation error on the field" file="./spec/forms/steps/lateness/in_time_form_spec.rb" time="0.003090"></testcase>
<testcase classname="spec.forms.steps.lateness.in_time_form_spec" name="Steps::Lateness::InTimeForm#save when in_time is not given returns false" file="./spec/forms/steps/lateness/in_time_form_spec.rb" time="0.001411"></testcase>
<testcase classname="spec.forms.steps.lateness.in_time_form_spec" name="Steps::Lateness::InTimeForm#save when in_time is not valid has a validation error on the field" file="./spec/forms/steps/lateness/in_time_form_spec.rb" time="0.001637"></testcase>
<testcase classname="spec.forms.steps.lateness.in_time_form_spec" name="Steps::Lateness::InTimeForm#save when in_time is not valid returns false" file="./spec/forms/steps/lateness/in_time_form_spec.rb" time="0.001170"></testcase>
<testcase classname="spec.forms.steps.lateness.in_time_form_spec" name="Steps::Lateness::InTimeForm#save when no tribunal_case is associated with the form raises an error" file="./spec/forms/steps/lateness/in_time_form_spec.rb" time="0.001222"></testcase>
<testcase classname="spec.forms.steps.lateness.in_time_form_spec" name="Steps::Lateness::InTimeForm#save when in_time is valid saves the record" file="./spec/forms/steps/lateness/in_time_form_spec.rb" time="0.001672"></testcase>
<testcase classname="spec.forms.steps.details.grounds_for_appeal_form_spec" name="Steps::Details::GroundsForAppealForm#save behaves like a document attachable step form validations when document is not valid should retrieve the errors from the uploader" file="./spec/forms/steps/details/grounds_for_appeal_form_spec.rb" time="0.003634"></testcase>
<testcase classname="spec.forms.steps.details.grounds_for_appeal_form_spec" name="Steps::Details::GroundsForAppealForm#save behaves like a document attachable step form validations when text nor document are present has a validation error on the text field" file="./spec/forms/steps/details/grounds_for_appeal_form_spec.rb" time="0.002683"></testcase>
<testcase classname="spec.forms.steps.details.grounds_for_appeal_form_spec" name="Steps::Details::GroundsForAppealForm#save behaves like a document attachable step form validations when text nor document are present returns false" file="./spec/forms/steps/details/grounds_for_appeal_form_spec.rb" time="0.001644"></testcase>
<testcase classname="spec.forms.steps.details.grounds_for_appeal_form_spec" name="Steps::Details::GroundsForAppealForm#save behaves like a document attachable step form when no tribunal_case is associated with the form raises an error" file="./spec/forms/steps/details/grounds_for_appeal_form_spec.rb" time="0.001252"></testcase>
<testcase classname="spec.forms.steps.details.grounds_for_appeal_form_spec" name="Steps::Details::GroundsForAppealForm#save behaves like a document attachable step form when form is valid when providing appeal text and document saves the record" file="./spec/forms/steps/details/grounds_for_appeal_form_spec.rb" time="0.002990"></testcase>
<testcase classname="spec.forms.steps.details.grounds_for_appeal_form_spec" name="Steps::Details::GroundsForAppealForm#save behaves like a document attachable step form when form is valid when providing an attached document document upload unsuccessful doesn&apos;t save the record" file="./spec/forms/steps/details/grounds_for_appeal_form_spec.rb" time="0.002544"></testcase>
<testcase classname="spec.forms.steps.details.grounds_for_appeal_form_spec" name="Steps::Details::GroundsForAppealForm#save behaves like a document attachable step form when form is valid when providing an attached document document upload successful saves the record" file="./spec/forms/steps/details/grounds_for_appeal_form_spec.rb" time="0.008526"></testcase>
<testcase classname="spec.forms.steps.details.grounds_for_appeal_form_spec" name="Steps::Details::GroundsForAppealForm#save behaves like a document attachable step form when form is valid when providing appeal text saves the record" file="./spec/forms/steps/details/grounds_for_appeal_form_spec.rb" time="0.003186"></testcase>
<testcase classname="spec.routing.status_spec" name="external dependencies routes root is expected to route {:get=&gt;&quot;/&quot;} to {:controller=&gt;&quot;home&quot;, :action=&gt;&quot;index&quot;}" file="./spec/routing/status_spec.rb" time="0.023567"></testcase>
<testcase classname="spec.routing.status_spec" name="external dependencies routes root localized in welsh is expected to route {:get=&gt;&quot;/cy&quot;} to {:controller=&gt;&quot;home&quot;, :action=&gt;&quot;index&quot;, :locale=&gt;&quot;cy&quot;}" file="./spec/routing/status_spec.rb" time="0.002327"></testcase>
<testcase classname="spec.routing.status_spec" name="external dependencies routes root localized in english is expected to route {:get=&gt;&quot;/en&quot;} to {:controller=&gt;&quot;home&quot;, :action=&gt;&quot;index&quot;, :locale=&gt;&quot;en&quot;}" file="./spec/routing/status_spec.rb" time="0.002730"></testcase>
<testcase classname="spec.routing.status_spec" name="external dependencies routes health checks is expected to route {:get=&gt;&quot;/health/readiness&quot;} to {:controller=&gt;&quot;tax_tribs/status&quot;, :action=&gt;&quot;readiness&quot;}" file="./spec/routing/status_spec.rb" time="0.005698"></testcase>
<testcase classname="spec.controllers.steps.hardship.hardship_review_status_controller_spec" name="Steps::Hardship::HardshipReviewStatusController behaves like an intermediate step controller #update when there is an already submitted case in the session redirects to the case already submitted error page" file="./spec/controllers/steps/hardship/hardship_review_status_controller_spec.rb" time="0.015860"></testcase>
<testcase classname="spec.controllers.steps.hardship.hardship_review_status_controller_spec" name="Steps::Hardship::HardshipReviewStatusController behaves like an intermediate step controller #update when there is no case in the session redirects to the invalid session error page" file="./spec/controllers/steps/hardship/hardship_review_status_controller_spec.rb" time="0.007698"></testcase>
<testcase classname="spec.controllers.steps.hardship.hardship_review_status_controller_spec" name="Steps::Hardship::HardshipReviewStatusController behaves like an intermediate step controller #update when a case in progress is in the session when the form fails to save renders the question page again" file="./spec/controllers/steps/hardship/hardship_review_status_controller_spec.rb" time="0.019184"></testcase>
<testcase classname="spec.controllers.steps.hardship.hardship_review_status_controller_spec" name="Steps::Hardship::HardshipReviewStatusController behaves like an intermediate step controller #update when a case in progress is in the session when the form saves successfully asks the decision tree for the next destination and redirects there" file="./spec/controllers/steps/hardship/hardship_review_status_controller_spec.rb" time="0.025623"></testcase>
<testcase classname="spec.controllers.steps.hardship.hardship_review_status_controller_spec" name="Steps::Hardship::HardshipReviewStatusController behaves like an intermediate step controller #edit when a case exists in the session responds with HTTP success" file="./spec/controllers/steps/hardship/hardship_review_status_controller_spec.rb" time="0.019998"></testcase>
<testcase classname="spec.controllers.steps.hardship.hardship_review_status_controller_spec" name="Steps::Hardship::HardshipReviewStatusController behaves like an intermediate step controller #edit when no case exists in the session yet redirects to the invalid session error page" file="./spec/controllers/steps/hardship/hardship_review_status_controller_spec.rb" time="0.005755"></testcase>
[...]
<testcase classname="spec.services.tax_tribs.save_case_for_later_spec" name="TaxTribs::SaveCaseForLater#save for a never saved before tribunal case email_sent? is true" file="./spec/services/tax_tribs/save_case_for_later_spec.rb" time="0.001660"></testcase>
<testcase classname="spec.services.tax_tribs.save_case_for_later_spec" name="TaxTribs::SaveCaseForLater#save for a never saved before tribunal case sends a confirmation email" file="./spec/services/tax_tribs/save_case_for_later_spec.rb" time="0.001607"></testcase>
<testcase classname="spec.services.tax_tribs.save_case_for_later_spec" name="TaxTribs::SaveCaseForLater#save for a never saved before tribunal case returns true" file="./spec/services/tax_tribs/save_case_for_later_spec.rb" time="0.001817"></testcase>
<testcase classname="spec.services.tax_tribs.save_case_for_later_spec" name="TaxTribs::SaveCaseForLater#save for a never saved before tribunal case links the tribunal case to the user" file="./spec/services/tax_tribs/save_case_for_later_spec.rb" time="0.001524"></testcase>
<testcase classname="spec.services.tax_tribs.save_case_for_later_spec" name="TaxTribs::SaveCaseForLater#save for a tribunal case already saved before (belongs to a user) does not send any email" file="./spec/services/tax_tribs/save_case_for_later_spec.rb" time="0.001391"></testcase>
<testcase classname="spec.services.tax_tribs.save_case_for_later_spec" name="TaxTribs::SaveCaseForLater#save for a tribunal case already saved before (belongs to a user) email_sent? is false" file="./spec/services/tax_tribs/save_case_for_later_spec.rb" time="0.001394"></testcase>
<testcase classname="spec.services.tax_tribs.save_case_for_later_spec" name="TaxTribs::SaveCaseForLater#save for a tribunal case already saved before (belongs to a user) does not trigger any update in the tribunal case" file="./spec/services/tax_tribs/save_case_for_later_spec.rb" time="0.001261"></testcase>
<testcase classname="spec.services.tax_tribs.save_case_for_later_spec" name="TaxTribs::SaveCaseForLater#save for a tribunal case already saved before (belongs to a user) returns true" file="./spec/services/tax_tribs/save_case_for_later_spec.rb" time="0.001067"></testcase>
<testcase classname="spec.controllers.steps.details.letter_upload_controller_spec" name="Steps::Details::LetterUploadController behaves like an intermediate step controller #update when a case in progress is in the session when the form saves successfully asks the decision tree for the next destination and redirects there" file="./spec/controllers/steps/details/letter_upload_controller_spec.rb" time="0.012231"></testcase>
<testcase classname="spec.controllers.steps.details.letter_upload_controller_spec" name="Steps::Details::LetterUploadController behaves like an intermediate step controller #update when a case in progress is in the session when the form fails to save renders the question page again" file="./spec/controllers/steps/details/letter_upload_controller_spec.rb" time="0.012522"></testcase>
<testcase classname="spec.controllers.steps.details.letter_upload_controller_spec" name="Steps::Details::LetterUploadController behaves like an intermediate step controller #update when there is no case in the session redirects to the invalid session error page" file="./spec/controllers/steps/details/letter_upload_controller_spec.rb" time="0.003871"></testcase>
<testcase classname="spec.controllers.steps.details.letter_upload_controller_spec" name="Steps::Details::LetterUploadController behaves like an intermediate step controller #update when there is an already submitted case in the session redirects to the case already submitted error page" file="./spec/controllers/steps/details/letter_upload_controller_spec.rb" time="0.008951"></testcase>
<testcase classname="spec.controllers.steps.details.letter_upload_controller_spec" name="Steps::Details::LetterUploadController behaves like an intermediate step controller #edit when no case exists in the session yet redirects to the invalid session error page" file="./spec/controllers/steps/details/letter_upload_controller_spec.rb" time="0.003951"></testcase>
<testcase classname="spec.controllers.steps.details.letter_upload_controller_spec" name="Steps::Details::LetterUploadController behaves like an intermediate step controller #edit when a case exists in the session responds with HTTP success" file="./spec/controllers/steps/details/letter_upload_controller_spec.rb" time="0.010324"></testcase>
<testcase classname="spec.value_objects.penalty_level_spec" name="PenaltyLevel.lower_bound returns nil when level provided is not valid" file="./spec/value_objects/penalty_level_spec.rb" time="0.001139"></testcase>
<testcase classname="spec.value_objects.penalty_level_spec" name="PenaltyLevel.lower_bound returns the lower bound for a given level (as string)" file="./spec/value_objects/penalty_level_spec.rb" time="0.000909"></testcase>
<testcase classname="spec.value_objects.penalty_level_spec" name="PenaltyLevel.lower_bound returns the lower bound for a given level (as sym)" file="./spec/value_objects/penalty_level_spec.rb" time="0.000835"></testcase>
<testcase classname="spec.value_objects.penalty_level_spec" name="PenaltyLevel.names returns names of the penalty levels" file="./spec/value_objects/penalty_level_spec.rb" time="0.000978"></testcase>
<testcase classname="spec.value_objects.penalty_level_spec" name="PenaltyLevel.upper_bound returns the lower bound for a given level (as sym)" file="./spec/value_objects/penalty_level_spec.rb" time="0.000893"></testcase>
<testcase classname="spec.value_objects.penalty_level_spec" name="PenaltyLevel.upper_bound returns nil when level provided is not valid" file="./spec/value_objects/penalty_level_spec.rb" time="0.000878"></testcase>
<testcase classname="spec.value_objects.penalty_level_spec" name="PenaltyLevel.upper_bound returns the lower bound for a given level (as string)" file="./spec/value_objects/penalty_level_spec.rb" time="0.000891"></testcase>
<testcase classname="spec.forms.steps.lateness.lateness_reason_form_spec" name="Steps::Lateness::LatenessReasonForm#save behaves like a document attachable step form validations when document is not valid should retrieve the errors from the uploader" file="./spec/forms/steps/lateness/lateness_reason_form_spec.rb" time="0.003146"></testcase>
<testcase classname="spec.forms.steps.lateness.lateness_reason_form_spec" name="Steps::Lateness::LatenessReasonForm#save behaves like a document attachable step form validations when text nor document are present has a validation error on the text field" file="./spec/forms/steps/lateness/lateness_reason_form_spec.rb" time="0.002136"></testcase>
<testcase classname="spec.forms.steps.lateness.lateness_reason_form_spec" name="Steps::Lateness::LatenessReasonForm#save behaves like a document attachable step form validations when text nor document are present returns false" file="./spec/forms/steps/lateness/lateness_reason_form_spec.rb" time="0.001571"></testcase>
<testcase classname="spec.forms.steps.lateness.lateness_reason_form_spec" name="Steps::Lateness::LatenessReasonForm#save behaves like a document attachable step form when form is valid when providing appeal text saves the record" file="./spec/forms/steps/lateness/lateness_reason_form_spec.rb" time="0.001927"></testcase>
<testcase classname="spec.forms.steps.lateness.lateness_reason_form_spec" name="Steps::Lateness::LatenessReasonForm#save behaves like a document attachable step form when form is valid when providing an attached document document upload successful saves the record" file="./spec/forms/steps/lateness/lateness_reason_form_spec.rb" time="0.003344"></testcase>
<testcase classname="spec.forms.steps.lateness.lateness_reason_form_spec" name="Steps::Lateness::LatenessReasonForm#save behaves like a document attachable step form when form is valid when providing an attached document document upload unsuccessful doesn&apos;t save the record" file="./spec/forms/steps/lateness/lateness_reason_form_spec.rb" time="0.002959"></testcase>
<testcase classname="spec.forms.steps.lateness.lateness_reason_form_spec" name="Steps::Lateness::LatenessReasonForm#save behaves like a document attachable step form when form is valid when providing appeal text and document saves the record" file="./spec/forms/steps/lateness/lateness_reason_form_spec.rb" time="0.002921"></testcase>
<testcase classname="spec.forms.steps.lateness.lateness_reason_form_spec" name="Steps::Lateness::LatenessReasonForm#save behaves like a document attachable step form when no tribunal_case is associated with the form raises an error" file="./spec/forms/steps/lateness/lateness_reason_form_spec.rb" time="0.001557"></testcase>
<testcase classname="spec.forms.steps.lateness.lateness_reason_form_spec" name="Steps::Lateness::LatenessReasonForm#lateness_unknown? when appeal is not late should return false" file="./spec/forms/steps/lateness/lateness_reason_form_spec.rb" time="0.001357"></testcase>
<testcase classname="spec.forms.steps.lateness.lateness_reason_form_spec" name="Steps::Lateness::LatenessReasonForm#lateness_unknown? when appellant is not sure should return false" file="./spec/forms/steps/lateness/lateness_reason_form_spec.rb" time="0.001260"></testcase>
<testcase classname="spec.forms.steps.lateness.lateness_reason_form_spec" name="Steps::Lateness::LatenessReasonForm#lateness_unknown? when appeal is late should return false" file="./spec/forms/steps/lateness/lateness_reason_form_spec.rb" time="0.001715"></testcase>
<testcase classname="spec.controllers.steps.hardship.hardship_reason_controller_spec" name="Steps::Hardship::HardshipReasonController behaves like an intermediate step controller #edit when no case exists in the session yet redirects to the invalid session error page" file="./spec/controllers/steps/hardship/hardship_reason_controller_spec.rb" time="0.004424"></testcase>
<testcase classname="spec.controllers.steps.hardship.hardship_reason_controller_spec" name="Steps::Hardship::HardshipReasonController behaves like an intermediate step controller #edit when a case exists in the session responds with HTTP success" file="./spec/controllers/steps/hardship/hardship_reason_controller_spec.rb" time="0.011922"></testcase>
<testcase classname="spec.controllers.steps.hardship.hardship_reason_controller_spec" name="Steps::Hardship::HardshipReasonController behaves like an intermediate step controller #update when a case in progress is in the session when the form saves successfully asks the decision tree for the next destination and redirects there" file="./spec/controllers/steps/hardship/hardship_reason_controller_spec.rb" time="0.012605"></testcase>
<testcase classname="spec.controllers.steps.hardship.hardship_reason_controller_spec" name="Steps::Hardship::HardshipReasonController behaves like an intermediate step controller #update when a case in progress is in the session when the form fails to save renders the question page again" file="./spec/controllers/steps/hardship/hardship_reason_controller_spec.rb" time="0.010954"></testcase>
<testcase classname="spec.controllers.steps.hardship.hardship_reason_controller_spec" name="Steps::Hardship::HardshipReasonController behaves like an intermediate step controller #update when there is no case in the session redirects to the invalid session error page" file="./spec/controllers/steps/hardship/hardship_reason_controller_spec.rb" time="0.004274"></testcase>
<testcase classname="spec.controllers.steps.hardship.hardship_reason_controller_spec" name="Steps::Hardship::HardshipReasonController behaves like an intermediate step controller #update when there is an already submitted case in the session redirects to the case already submitted error page" file="./spec/controllers/steps/hardship/hardship_reason_controller_spec.rb" time="0.006716"></testcase>
<testcase classname="spec.controllers.admin.glimr_generation_controller_spec" name="Admin::GlimrGenerationController#new behaves like a password-protected admin controller wrong credentials returns http unauthorized" file="./spec/controllers/admin/glimr_generation_controller_spec.rb" time="0.004713"></testcase>
<testcase classname="spec.controllers.admin.glimr_generation_controller_spec" name="Admin::GlimrGenerationController#new behaves like a password-protected admin controller correct credentials returns http success" file="./spec/controllers/admin/glimr_generation_controller_spec.rb" time="0.006700"></testcase>
<testcase classname="spec.controllers.admin.glimr_generation_controller_spec" name="Admin::GlimrGenerationController#new behaves like a password-protected admin controller missing credentials requires basic auth" file="./spec/controllers/admin/glimr_generation_controller_spec.rb" time="0.003811"></testcase>
<testcase classname="spec.controllers.admin.glimr_generation_controller_spec" name="Admin::GlimrGenerationController#create behaves like a password-protected admin controller missing credentials requires basic auth" file="./spec/controllers/admin/glimr_generation_controller_spec.rb" time="0.003374"></testcase>
<testcase classname="spec.controllers.admin.glimr_generation_controller_spec" name="Admin::GlimrGenerationController#create behaves like a password-protected admin controller wrong credentials returns http unauthorized" file="./spec/controllers/admin/glimr_generation_controller_spec.rb" time="0.003745"></testcase>
<testcase classname="spec.controllers.admin.glimr_generation_controller_spec" name="Admin::GlimrGenerationController#create behaves like a password-protected admin controller correct credentials returns http success" file="./spec/controllers/admin/glimr_generation_controller_spec.rb" time="0.004937"></testcase>
<testcase classname="spec.controllers.admin.glimr_generation_controller_spec" name="Admin::GlimrGenerationController#create correct credentials creates a batch of jobs" file="./spec/controllers/admin/glimr_generation_controller_spec.rb" time="0.024192"><failure message="Error connecting to Redis on localhost:6379 (Errno::ECONNREFUSED)" type="Redis::CannotConnectError">Failure/Error: batch.description = &quot;Glimr batch @ #{Time.now}, n = #{num}&quot;

Redis::CannotConnectError:
  Error connecting to Redis on localhost:6379 (Errno::ECONNREFUSED)
/Users/williamtaylor/.rvm/gems/ruby-3.2.2/gems/redis-4.8.1/lib/redis/client.rb:398:in `rescue in establish_connection&apos;
/Users/williamtaylor/.rvm/gems/ruby-3.2.2/gems/redis-4.8.1/lib/redis/client.rb:379:in `establish_connection&apos;
/Users/williamtaylor/.rvm/gems/ruby-3.2.2/gems/redis-4.8.1/lib/redis/client.rb:115:in `block in connect&apos;
/Users/williamtaylor/.rvm/gems/ruby-3.2.2/gems/redis-4.8.1/lib/redis/client.rb:344:in `with_reconnect&apos;
/Users/williamtaylor/.rvm/gems/ruby-3.2.2/gems/redis-4.8.1/lib/redis/client.rb:114:in `connect&apos;
/Users/williamtaylor/.rvm/gems/ruby-3.2.2/gems/redis-4.8.1/lib/redis/client.rb:409:in `ensure_connected&apos;
/Users/williamtaylor/.rvm/gems/ruby-3.2.2/gems/redis-4.8.1/lib/redis/client.rb:269:in `block in process&apos;
/Users/williamtaylor/.rvm/gems/ruby-3.2.2/gems/redis-4.8.1/lib/redis/client.rb:356:in `logging&apos;
/Users/williamtaylor/.rvm/gems/ruby-3.2.2/gems/redis-4.8.1/lib/redis/client.rb:268:in `process&apos;
/Users/williamtaylor/.rvm/gems/ruby-3.2.2/gems/redis-4.8.1/lib/redis/client.rb:233:in `call_pipelined&apos;
/Users/williamtaylor/.rvm/gems/ruby-3.2.2/gems/redis-4.8.1/lib/redis/client.rb:200:in `block in call_pipeline&apos;
/Users/williamtaylor/.rvm/gems/ruby-3.2.2/gems/redis-4.8.1/lib/redis/client.rb:344:in `with_reconnect&apos;
/Users/williamtaylor/.rvm/gems/ruby-3.2.2/gems/redis-4.8.1/lib/redis/client.rb:198:in `call_pipeline&apos;
/Users/williamtaylor/.rvm/gems/ruby-3.2.2/gems/redis-4.8.1/lib/redis.rb:228:in `block in multi&apos;
/Users/williamtaylor/.rvm/gems/ruby-3.2.2/gems/redis-4.8.1/lib/redis.rb:265:in `block in synchronize&apos;
/Users/williamtaylor/.rvm/gems/ruby-3.2.2/gems/redis-4.8.1/lib/redis.rb:265:in `synchronize&apos;
/Users/williamtaylor/.rvm/gems/ruby-3.2.2/gems/redis-4.8.1/lib/redis.rb:265:in `synchronize&apos;
/Users/williamtaylor/.rvm/gems/ruby-3.2.2/gems/redis-4.8.1/lib/redis.rb:222:in `multi&apos;
/Users/williamtaylor/.rvm/gems/ruby-3.2.2/gems/sidekiq-batch-0.1.9/lib/sidekiq/batch.rb:141:in `block in persist_bid_attr&apos;
/Users/williamtaylor/.rvm/gems/ruby-3.2.2/gems/sidekiq-6.5.12/lib/sidekiq.rb:164:in `block in redis&apos;
/Users/williamtaylor/.rvm/gems/ruby-3.2.2/gems/connection_pool-2.4.1/lib/connection_pool.rb:110:in `block (2 levels) in with&apos;
/Users/williamtaylor/.rvm/gems/ruby-3.2.2/gems/connection_pool-2.4.1/lib/connection_pool.rb:109:in `handle_interrupt&apos;
/Users/williamtaylor/.rvm/gems/ruby-3.2.2/gems/connection_pool-2.4.1/lib/connection_pool.rb:109:in `block in with&apos;
/Users/williamtaylor/.rvm/gems/ruby-3.2.2/gems/connection_pool-2.4.1/lib/connection_pool.rb:106:in `handle_interrupt&apos;
/Users/williamtaylor/.rvm/gems/ruby-3.2.2/gems/connection_pool-2.4.1/lib/connection_pool.rb:106:in `with&apos;
/Users/williamtaylor/.rvm/gems/ruby-3.2.2/gems/sidekiq-6.5.12/lib/sidekiq.rb:161:in `redis&apos;
/Users/williamtaylor/.rvm/gems/ruby-3.2.2/gems/sidekiq-batch-0.1.9/lib/sidekiq/batch.rb:140:in `persist_bid_attr&apos;
/Users/williamtaylor/.rvm/gems/ruby-3.2.2/gems/sidekiq-batch-0.1.9/lib/sidekiq/batch.rb:28:in `description=&apos;
./app/controllers/admin/glimr_generation_controller.rb:44:in `queue_creation&apos;
./app/controllers/admin/glimr_generation_controller.rb:14:in `create&apos;
/Users/williamtaylor/.rvm/gems/ruby-3.2.2/gems/i18n-1.14.1/lib/i18n.rb:322:in `with_locale&apos;
./app/controllers/application_controller.rb:50:in `switch_locale&apos;
/Users/williamtaylor/.rvm/gems/ruby-3.2.2/gems/sentry-rails-5.12.0/lib/sentry/rails/controller_transaction.rb:28:in `block in sentry_around_action&apos;
/Users/williamtaylor/.rvm/gems/ruby-3.2.2/gems/sentry-ruby-5.12.0/lib/sentry/hub.rb:102:in `with_child_span&apos;
/Users/williamtaylor/.rvm/gems/ruby-3.2.2/gems/sentry-ruby-5.12.0/lib/sentry-ruby.rb:476:in `with_child_span&apos;
/Users/williamtaylor/.rvm/gems/ruby-3.2.2/gems/sentry-rails-5.12.0/lib/sentry/rails/controller_transaction.rb:14:in `sentry_around_action&apos;
/Users/williamtaylor/.rvm/gems/ruby-3.2.2/gems/rails-controller-testing-1.0.5/lib/rails/controller/testing/template_assertions.rb:62:in `process&apos;
/Users/williamtaylor/.rvm/gems/ruby-3.2.2/gems/devise-4.9.3/lib/devise/test/controller_helpers.rb:35:in `block in process&apos;
/Users/williamtaylor/.rvm/gems/ruby-3.2.2/gems/devise-4.9.3/lib/devise/test/controller_helpers.rb:104:in `catch&apos;
/Users/williamtaylor/.rvm/gems/ruby-3.2.2/gems/devise-4.9.3/lib/devise/test/controller_helpers.rb:104:in `_catch_warden&apos;
/Users/williamtaylor/.rvm/gems/ruby-3.2.2/gems/devise-4.9.3/lib/devise/test/controller_helpers.rb:35:in `process&apos;
/Users/williamtaylor/.rvm/gems/ruby-3.2.2/gems/rails-controller-testing-1.0.5/lib/rails/controller/testing/integration.rb:16:in `block (2 levels) in &lt;module:Integration&gt;&apos;
./spec/support/integration.rb:22:in `block (2 levels) in &lt;module:Integration&gt;&apos;
./spec/controllers/admin/glimr_generation_controller_spec.rb:35:in `block (5 levels) in &lt;top (required)&gt;&apos;
/Users/williamtaylor/.rvm/gems/ruby-3.2.2/gems/sidekiq-6.5.12/lib/sidekiq/testing.rb:16:in `__set_test_mode&apos;
/Users/williamtaylor/.rvm/gems/ruby-3.2.2/gems/sidekiq-6.5.12/lib/sidekiq/testing.rb:34:in `inline!&apos;
./spec/controllers/admin/glimr_generation_controller_spec.rb:34:in `block (4 levels) in &lt;top (required)&gt;&apos;
/Users/williamtaylor/.rvm/gems/ruby-3.2.2/gems/webmock-3.19.1/lib/webmock/rspec.rb:39:in `block (2 levels) in &lt;top (required)&gt;&apos;
------------------
--- Caused by: ---
IO::EINPROGRESSWaitWritable:
  Operation now in progress - connect(2) would block
  /Users/williamtaylor/.rvm/gems/ruby-3.2.2/gems/redis-4.8.1/lib/redis/connection/ruby.rb:158:in `connect_addrinfo&apos;</failure></testcase>
</testsuite>
